2024-09-21T00:09:56.295+0800	[34mINFO[0m	clients/client_factory.go:47	logDir:<tmp/nacos/log>   cacheDir:<tmp/nacos/cache>
2024-09-21T00:09:56.324+0800	[31mERROR[0m	nacos_server/nacos_server.go:199	api</v1/cs/configs>,method:<GET>, params:<{"dataId":"user-web","group":"dev","tenant":"5ed0d643-e595-4d90-95ee-8808a6323f62"}>, call domain error:<[404] config data not exist
> , result:<config data not exist
>
2024-09-21T00:09:56.327+0800	[31mERROR[0m	nacos_server/nacos_server.go:199	api</v1/cs/configs>,method:<GET>, params:<{"dataId":"user-web","group":"dev","tenant":"5ed0d643-e595-4d90-95ee-8808a6323f62"}>, call domain error:<[404] config data not exist
> , result:<config data not exist
>
2024-09-21T00:09:56.329+0800	[31mERROR[0m	nacos_server/nacos_server.go:199	api</v1/cs/configs>,method:<GET>, params:<{"dataId":"user-web","group":"dev","tenant":"5ed0d643-e595-4d90-95ee-8808a6323f62"}>, call domain error:<[404] config data not exist
> , result:<config data not exist
>
2024-09-21T00:09:56.329+0800	[31mERROR[0m	config_client/config_client.go:202	get config from server error:[404] config data not exist
 
2024-09-21T00:09:56.330+0800	[33mWARN[0m	config_client/config_client.go:207	[client.GetConfig] config not found, dataId: user-web, group: dev, namespaceId: 5ed0d643-e595-4d90-95ee-8808a6323f62.
2024-09-21T00:12:30.828+0800	[34mINFO[0m	clients/client_factory.go:47	logDir:<tmp/nacos/log>   cacheDir:<tmp/nacos/cache>
2024-09-21T00:12:30.875+0800	[31mERROR[0m	nacos_server/nacos_server.go:199	api</v1/cs/configs>,method:<GET>, params:<{"dataId":"user-web","group":"dev","tenant":"5ed0d643-e595-4d90-95ee-8808a6323f62"}>, call domain error:<[404] config data not exist
> , result:<config data not exist
>
2024-09-21T00:12:30.878+0800	[31mERROR[0m	nacos_server/nacos_server.go:199	api</v1/cs/configs>,method:<GET>, params:<{"dataId":"user-web","group":"dev","tenant":"5ed0d643-e595-4d90-95ee-8808a6323f62"}>, call domain error:<[404] config data not exist
> , result:<config data not exist
>
2024-09-21T00:12:30.880+0800	[31mERROR[0m	nacos_server/nacos_server.go:199	api</v1/cs/configs>,method:<GET>, params:<{"dataId":"user-web","group":"dev","tenant":"5ed0d643-e595-4d90-95ee-8808a6323f62"}>, call domain error:<[404] config data not exist
> , result:<config data not exist
>
2024-09-21T00:12:30.880+0800	[31mERROR[0m	config_client/config_client.go:202	get config from server error:[404] config data not exist
 
2024-09-21T00:12:30.880+0800	[33mWARN[0m	config_client/config_client.go:207	[client.GetConfig] config not found, dataId: user-web, group: dev, namespaceId: 5ed0d643-e595-4d90-95ee-8808a6323f62.
2024-09-21T00:13:39.789+0800	[34mINFO[0m	clients/client_factory.go:47	logDir:<tmp/nacos/log>   cacheDir:<tmp/nacos/cache>
2024-09-21T00:13:44.026+0800	[31mERROR[0m	nacos_server/nacos_server.go:199	api</v1/cs/configs>,method:<GET>, params:<{"dataId":"user-web","group":"dev","tenant":"5ed0d643-e595-4d90-95ee-8808a6323f62"}>, call domain error:<[404] config data not exist
> , result:<config data not exist
>
2024-09-21T00:13:44.028+0800	[31mERROR[0m	nacos_server/nacos_server.go:199	api</v1/cs/configs>,method:<GET>, params:<{"dataId":"user-web","group":"dev","tenant":"5ed0d643-e595-4d90-95ee-8808a6323f62"}>, call domain error:<[404] config data not exist
> , result:<config data not exist
>
2024-09-21T00:13:44.030+0800	[31mERROR[0m	nacos_server/nacos_server.go:199	api</v1/cs/configs>,method:<GET>, params:<{"dataId":"user-web","group":"dev","tenant":"5ed0d643-e595-4d90-95ee-8808a6323f62"}>, call domain error:<[404] config data not exist
> , result:<config data not exist
>
2024-09-21T00:13:44.030+0800	[31mERROR[0m	config_client/config_client.go:202	get config from server error:[404] config data not exist
 
2024-09-21T00:13:44.030+0800	[33mWARN[0m	config_client/config_client.go:207	[client.GetConfig] config not found, dataId: user-web, group: dev, namespaceId: 5ed0d643-e595-4d90-95ee-8808a6323f62.
2024-09-21T00:18:02.599+0800	[34mINFO[0m	clients/client_factory.go:47	logDir:<tmp/nacos/log>   cacheDir:<tmp/nacos/cache>
2024-09-21T00:18:02.607+0800	[31mERROR[0m	nacos_server/nacos_server.go:199	api</v1/cs/configs>,method:<GET>, params:<{"dataId":"user-web.yaml","group":"dev","tenant":"5ed0d643-e595-4d90-95ee-8808a6323f62"}>, call domain error:<[404] config data not exist
> , result:<config data not exist
>
2024-09-21T00:18:02.609+0800	[31mERROR[0m	nacos_server/nacos_server.go:199	api</v1/cs/configs>,method:<GET>, params:<{"dataId":"user-web.yaml","group":"dev","tenant":"5ed0d643-e595-4d90-95ee-8808a6323f62"}>, call domain error:<[404] config data not exist
> , result:<config data not exist
>
2024-09-21T00:18:02.613+0800	[31mERROR[0m	nacos_server/nacos_server.go:199	api</v1/cs/configs>,method:<GET>, params:<{"dataId":"user-web.yaml","group":"dev","tenant":"5ed0d643-e595-4d90-95ee-8808a6323f62"}>, call domain error:<[404] config data not exist
> , result:<config data not exist
>
2024-09-21T00:18:02.613+0800	[31mERROR[0m	config_client/config_client.go:202	get config from server error:[404] config data not exist
 
2024-09-21T00:18:02.613+0800	[33mWARN[0m	config_client/config_client.go:207	[client.GetConfig] config not found, dataId: user-web.yaml, group: dev, namespaceId: 5ed0d643-e595-4d90-95ee-8808a6323f62.
2024-09-21T00:18:23.849+0800	[34mINFO[0m	clients/client_factory.go:47	logDir:<tmp/nacos/log>   cacheDir:<tmp/nacos/cache>
2024-09-21T00:18:37.999+0800	[31mERROR[0m	nacos_server/nacos_server.go:199	api</v1/cs/configs>,method:<GET>, params:<{"dataId":"user-web.yaml","group":"dev","tenant":"5ed0d643-e595-4d90-95ee-8808a6323f62"}>, call domain error:<[404] config data not exist
> , result:<config data not exist
>
2024-09-21T00:18:38.003+0800	[31mERROR[0m	nacos_server/nacos_server.go:199	api</v1/cs/configs>,method:<GET>, params:<{"dataId":"user-web.yaml","group":"dev","tenant":"5ed0d643-e595-4d90-95ee-8808a6323f62"}>, call domain error:<[404] config data not exist
> , result:<config data not exist
>
2024-09-21T00:18:38.006+0800	[31mERROR[0m	nacos_server/nacos_server.go:199	api</v1/cs/configs>,method:<GET>, params:<{"dataId":"user-web.yaml","group":"dev","tenant":"5ed0d643-e595-4d90-95ee-8808a6323f62"}>, call domain error:<[404] config data not exist
> , result:<config data not exist
>
2024-09-21T00:18:38.006+0800	[31mERROR[0m	config_client/config_client.go:202	get config from server error:[404] config data not exist
 
2024-09-21T00:18:38.006+0800	[33mWARN[0m	config_client/config_client.go:207	[client.GetConfig] config not found, dataId: user-web.yaml, group: dev, namespaceId: 5ed0d643-e595-4d90-95ee-8808a6323f62.
2024-09-21T00:20:00.881+0800	[34mINFO[0m	clients/client_factory.go:47	logDir:<tmp/nacos/log>   cacheDir:<tmp/nacos/cache>
2024-09-21T00:20:10.234+0800	[34mINFO[0m	clients/client_factory.go:47	logDir:<tmp/nacos/log>   cacheDir:<tmp/nacos/cache>
2024-09-21T00:27:06.564+0800	[34mINFO[0m	clients/client_factory.go:47	logDir:<tmp/nacos/log>   cacheDir:<tmp/nacos/cache>
2024-09-21T00:27:41.350+0800	[34mINFO[0m	clients/client_factory.go:47	logDir:<tmp/nacos/log>   cacheDir:<tmp/nacos/cache>
